[debug] [2022-07-22T22:19:52.777Z] ----------------------------------------------------------------------
[debug] [2022-07-22T22:19:52.780Z] Command:       C:\Program Files\nodejs\node.exe C:\Users\arattanasack\AppData\Roaming\npm\node_modules\firebase-tools\lib\bin\firebase.js emulators:start
[debug] [2022-07-22T22:19:52.781Z] CLI Version:   11.3.0
[debug] [2022-07-22T22:19:52.781Z] Platform:      win32
[debug] [2022-07-22T22:19:52.781Z] Node Version:  v18.6.0
[debug] [2022-07-22T22:19:52.784Z] Time:          Fri Jul 22 2022 15:19:52 GMT-0700 (Pacific Daylight Time)
[debug] [2022-07-22T22:19:52.785Z] ----------------------------------------------------------------------
[debug] 
[debug] [2022-07-22T22:19:52.907Z] > command requires scopes: ["email","openid","https://www.googleapis.com/auth/cloudplatformprojects.readonly","https://www.googleapis.com/auth/firebase","https://www.googleapis.com/auth/cloud-platform"]
[debug] [2022-07-22T22:19:52.908Z] > authorizing via signed-in user (kinokodoggo@gmail.com)
[debug] [2022-07-22T22:19:53.271Z] java version "18.0.1.1" 2022-04-22

[debug] [2022-07-22T22:19:53.272Z] Java(TM) SE Runtime Environment (build 18.0.1.1+2-6)
Java HotSpot(TM) 64-Bit Server VM (build 18.0.1.1+2-6, mixed mode, sharing)

[debug] [2022-07-22T22:19:53.301Z] Parsed Java major version: 18
[info] i  emulators: Starting emulators: auth, functions, firestore, database, hosting, pubsub, storage {"metadata":{"emulator":{"name":"hub"},"message":"Starting emulators: auth, functions, firestore, database, hosting, pubsub, storage"}}
[debug] [2022-07-22T22:19:53.390Z] [hub] writing locator at C:\Users\ARATTA~1\AppData\Local\Temp\hub-dinner-bca8e.json
[warn] !  hosting: The hosting emulator is configured but there is no hosting configuration. Have you run firebase init hosting? {"metadata":{"emulator":{"name":"hosting"},"message":"The hosting emulator is configured but there is no hosting configuration. Have you run \u001b[1mfirebase init hosting\u001b[22m?"}}
[warn] !  functions: The following emulators are not running, calls to these services from the Functions emulator will affect production: hosting {"metadata":{"emulator":{"name":"functions"},"message":"The following emulators are not running, calls to these services from the Functions emulator will affect production: \u001b[1mhosting\u001b[22m"}}
[warn] !  Your requested "node" version "16" doesn't match your global version "18". Using node@18 from host. {"metadata":{"emulator":{"name":"functions"},"message":"Your requested \"node\" version \"16\" doesn't match your global version \"18\". Using node@18 from host."}}
[debug] [2022-07-22T22:19:53.518Z] defaultcredentials: writing to file C:\Users\arattanasack\AppData\Roaming\firebase\kinokodoggo_gmail_com_application_default_credentials.json
[debug] [2022-07-22T22:19:53.529Z] Setting GAC to C:\Users\arattanasack\AppData\Roaming\firebase\kinokodoggo_gmail_com_application_default_credentials.json {"metadata":{"emulator":{"name":"functions"},"message":"Setting GAC to C:\\Users\\arattanasack\\AppData\\Roaming\\firebase\\kinokodoggo_gmail_com_application_default_credentials.json"}}
[debug] [2022-07-22T22:19:53.533Z] >>> [apiv2][query] GET https://firebase.googleapis.com/v1beta1/projects/dinner-bca8e/adminSdkConfig [none]
[debug] [2022-07-22T22:19:53.914Z] <<< [apiv2][status] GET https://firebase.googleapis.com/v1beta1/projects/dinner-bca8e/adminSdkConfig 200
[debug] [2022-07-22T22:19:53.914Z] <<< [apiv2][body] GET https://firebase.googleapis.com/v1beta1/projects/dinner-bca8e/adminSdkConfig {"projectId":"dinner-bca8e","databaseURL":"https://dinner-bca8e-default-rtdb.firebaseio.com","storageBucket":"dinner-bca8e.appspot.com","locationId":"us-central"}
[debug] [2022-07-22T22:19:53.937Z] Ignoring unsupported arg: projectId {"metadata":{"emulator":{"name":"firestore"},"message":"Ignoring unsupported arg: projectId"}}
[debug] [2022-07-22T22:19:53.937Z] Ignoring unsupported arg: auto_download {"metadata":{"emulator":{"name":"firestore"},"message":"Ignoring unsupported arg: auto_download"}}
[debug] [2022-07-22T22:19:53.937Z] Starting Firestore Emulator with command {"binary":"java","args":["-Dgoogle.cloud_firestore.debug_log_level=FINE","-Duser.language=en","-jar","C:\\Users\\arattanasack\\.cache\\firebase\\emulators\\cloud-firestore-emulator-v1.14.4.jar","--host","localhost","--port",8080,"--rules","C:\\Users\\arattanasack\\repos\\whatsfordinnerredux\\firestore.rules","--functions_emulator","localhost:5001"],"optionalArgs":["port","webchannel_port","host","rules","functions_emulator","seed_from_export"],"joinArgs":false} {"metadata":{"emulator":{"name":"firestore"},"message":"Starting Firestore Emulator with command {\"binary\":\"java\",\"args\":[\"-Dgoogle.cloud_firestore.debug_log_level=FINE\",\"-Duser.language=en\",\"-jar\",\"C:\\\\Users\\\\arattanasack\\\\.cache\\\\firebase\\\\emulators\\\\cloud-firestore-emulator-v1.14.4.jar\",\"--host\",\"localhost\",\"--port\",8080,\"--rules\",\"C:\\\\Users\\\\arattanasack\\\\repos\\\\whatsfordinnerredux\\\\firestore.rules\",\"--functions_emulator\",\"localhost:5001\"],\"optionalArgs\":[\"port\",\"webchannel_port\",\"host\",\"rules\",\"functions_emulator\",\"seed_from_export\"],\"joinArgs\":false}"}}
[info] i  firestore: Firestore Emulator logging to firestore-debug.log {"metadata":{"emulator":{"name":"firestore"},"message":"Firestore Emulator logging to \u001b[1mfirestore-debug.log\u001b[22m"}}
[debug] [2022-07-22T22:19:56.339Z] >>> [apiv2][query] GET https://firebase.googleapis.com/v1beta1/projects/dinner-bca8e [none]
[debug] [2022-07-22T22:19:56.699Z] <<< [apiv2][status] GET https://firebase.googleapis.com/v1beta1/projects/dinner-bca8e 200
[debug] [2022-07-22T22:19:56.700Z] <<< [apiv2][body] GET https://firebase.googleapis.com/v1beta1/projects/dinner-bca8e {"projectId":"dinner-bca8e","projectNumber":"46450860407","displayName":"dinner","name":"projects/dinner-bca8e","resources":{"hostingSite":"dinner-bca8e","realtimeDatabaseInstance":"dinner-bca8e-default-rtdb","storageBucket":"dinner-bca8e.appspot.com","locationId":"us-central"},"state":"ACTIVE","etag":"1_0055fd4d-0874-44cb-b49b-1fab79114af4"}
[debug] [2022-07-22T22:19:56.700Z] database rules config:  []
[warn] !  database: Did not find a Realtime Database rules file specified in a firebase.json config file. The emulator will default to allowing all reads and writes. Learn more about this option: https://firebase.google.com/docs/emulator-suite/install_and_configure#security_rules_configuration. {"metadata":{"emulator":{"name":"database"},"message":"Did not find a Realtime Database rules file specified in a firebase.json config file. The emulator will default to allowing all reads and writes. Learn more about this option: https://firebase.google.com/docs/emulator-suite/install_and_configure#security_rules_configuration."}}
[info] i  database: downloading firebase-database-emulator-v4.8.0.jar... {"metadata":{"emulator":{"name":"database"},"message":"downloading firebase-database-emulator-v4.8.0.jar..."}}
[debug] [2022-07-22T22:19:56.708Z] >>> [apiv2][query] GET https://storage.googleapis.com/firebase-preview-drop/emulator/firebase-database-emulator-v4.8.0.jar 
[debug] [2022-07-22T22:19:56.887Z] <<< [apiv2][status] GET https://storage.googleapis.com/firebase-preview-drop/emulator/firebase-database-emulator-v4.8.0.jar 200
[debug] [2022-07-22T22:19:56.887Z] <<< [apiv2][body] GET https://storage.googleapis.com/firebase-preview-drop/emulator/firebase-database-emulator-v4.8.0.jar [stream]
[debug] [2022-07-22T22:19:57.909Z] Ignoring unsupported arg: projectId {"metadata":{"emulator":{"name":"database"},"message":"Ignoring unsupported arg: projectId"}}
[debug] [2022-07-22T22:19:57.910Z] Ignoring unsupported arg: auto_download {"metadata":{"emulator":{"name":"database"},"message":"Ignoring unsupported arg: auto_download"}}
[debug] [2022-07-22T22:19:57.910Z] Ignoring unsupported arg: rules {"metadata":{"emulator":{"name":"database"},"message":"Ignoring unsupported arg: rules"}}
[debug] [2022-07-22T22:19:57.910Z] Starting Database Emulator with command {"binary":"java","args":["-Duser.language=en","-jar","C:\\Users\\arattanasack\\.cache\\firebase\\emulators\\firebase-database-emulator-v4.8.0.jar","--host","localhost","--port",9000,"--functions_emulator_host","localhost","--functions_emulator_port",5001],"optionalArgs":["port","host","functions_emulator_port","functions_emulator_host"],"joinArgs":false} {"metadata":{"emulator":{"name":"database"},"message":"Starting Database Emulator with command {\"binary\":\"java\",\"args\":[\"-Duser.language=en\",\"-jar\",\"C:\\\\Users\\\\arattanasack\\\\.cache\\\\firebase\\\\emulators\\\\firebase-database-emulator-v4.8.0.jar\",\"--host\",\"localhost\",\"--port\",9000,\"--functions_emulator_host\",\"localhost\",\"--functions_emulator_port\",5001],\"optionalArgs\":[\"port\",\"host\",\"functions_emulator_port\",\"functions_emulator_host\"],\"joinArgs\":false}"}}
[info] i  database: Database Emulator logging to database-debug.log {"metadata":{"emulator":{"name":"database"},"message":"Database Emulator logging to \u001b[1mdatabase-debug.log\u001b[22m"}}
[debug] [2022-07-22T22:20:11.812Z] Ignoring unsupported arg: projectId {"metadata":{"emulator":{"name":"pubsub"},"message":"Ignoring unsupported arg: projectId"}}
[debug] [2022-07-22T22:20:11.812Z] Ignoring unsupported arg: auto_download {"metadata":{"emulator":{"name":"pubsub"},"message":"Ignoring unsupported arg: auto_download"}}
[debug] [2022-07-22T22:20:11.812Z] Starting Pub/Sub Emulator with command {"binary":"C:\\Users\\arattanasack\\.cache\\firebase\\emulators\\pubsub-emulator-0.1.0\\pubsub-emulator\\bin\\cloud-pubsub-emulator.bat","args":["--host=localhost","--port=8085"],"optionalArgs":["port","host"],"joinArgs":true} {"metadata":{"emulator":{"name":"pubsub"},"message":"Starting Pub/Sub Emulator with command {\"binary\":\"C:\\\\Users\\\\arattanasack\\\\.cache\\\\firebase\\\\emulators\\\\pubsub-emulator-0.1.0\\\\pubsub-emulator\\\\bin\\\\cloud-pubsub-emulator.bat\",\"args\":[\"--host=localhost\",\"--port=8085\"],\"optionalArgs\":[\"port\",\"host\"],\"joinArgs\":true}"}}
[info] i  pubsub: Pub/Sub Emulator logging to pubsub-debug.log {"metadata":{"emulator":{"name":"pubsub"},"message":"Pub/Sub Emulator logging to \u001b[1mpubsub-debug.log\u001b[22m"}}
[info] i  storage: downloading cloud-storage-rules-runtime-v1.0.2.jar... {"metadata":{"emulator":{"name":"storage"},"message":"downloading cloud-storage-rules-runtime-v1.0.2.jar..."}}
[debug] [2022-07-22T22:20:14.473Z] >>> [apiv2][query] GET https://storage.googleapis.com/firebase-preview-drop/emulator/cloud-storage-rules-runtime-v1.0.2.jar 
[debug] [2022-07-22T22:20:14.768Z] <<< [apiv2][status] GET https://storage.googleapis.com/firebase-preview-drop/emulator/cloud-storage-rules-runtime-v1.0.2.jar 200
[debug] [2022-07-22T22:20:14.768Z] <<< [apiv2][body] GET https://storage.googleapis.com/firebase-preview-drop/emulator/cloud-storage-rules-runtime-v1.0.2.jar [stream]
[debug] [2022-07-22T22:20:16.208Z] Ignoring unsupported arg: port {"metadata":{"emulator":{"name":"storage"},"message":"Ignoring unsupported arg: port"}}
[debug] [2022-07-22T22:20:17.914Z] Temp file directory for storage emulator: C:\Users\ARATTA~1\AppData\Local\Temp/firebase/storage/blobs {"metadata":{"emulator":{"name":"storage"},"message":"Temp file directory for storage emulator: C:\\Users\\ARATTA~1\\AppData\\Local\\Temp/firebase/storage/blobs"}}
[warn] !  hosting: The hosting emulator is configured but there is no hosting configuration. Have you run firebase init hosting? {"metadata":{"emulator":{"name":"hosting"},"message":"The hosting emulator is configured but there is no hosting configuration. Have you run \u001b[1mfirebase init hosting\u001b[22m?"}}
[debug] [2022-07-22T22:20:17.935Z] Ignoring unsupported arg: auto_download {"metadata":{"emulator":{"name":"ui"},"message":"Ignoring unsupported arg: auto_download"}}
[debug] [2022-07-22T22:20:17.936Z] Ignoring unsupported arg: port {"metadata":{"emulator":{"name":"ui"},"message":"Ignoring unsupported arg: port"}}
[debug] [2022-07-22T22:20:17.936Z] Starting Emulator UI with command {"binary":"node","args":["C:\\Users\\arattanasack\\.cache\\firebase\\emulators\\ui-v1.8.1\\server\\server.js"],"optionalArgs":[],"joinArgs":false} {"metadata":{"emulator":{"name":"ui"},"message":"Starting Emulator UI with command {\"binary\":\"node\",\"args\":[\"C:\\\\Users\\\\arattanasack\\\\.cache\\\\firebase\\\\emulators\\\\ui-v1.8.1\\\\server\\\\server.js\"],\"optionalArgs\":[],\"joinArgs\":false}"}}
[info] i  ui: Emulator UI logging to ui-debug.log {"metadata":{"emulator":{"name":"ui"},"message":"Emulator UI logging to \u001b[1mui-debug.log\u001b[22m"}}
[debug] [2022-07-22T22:20:18.185Z] Web / API server started at localhost:4000
 {"metadata":{"emulator":{"name":"ui"},"message":"Web / API server started at localhost:4000\n"}}
[info] i  functions: Watching "C:\Users\arattanasack\repos\whatsfordinnerredux\functions" for Cloud Functions... {"metadata":{"emulator":{"name":"functions"},"message":"Watching \"C:\\Users\\arattanasack\\repos\\whatsfordinnerredux\\functions\" for Cloud Functions..."}}
[debug] [2022-07-22T22:20:18.229Z] Validating nodejs source
[debug] [2022-07-22T22:20:23.584Z] > [functions] package.json contents: {
  "name": "functions",
  "description": "Cloud Functions for Firebase",
  "scripts": {
    "serve": "firebase emulators:start --only functions",
    "shell": "firebase functions:shell",
    "start": "npm run shell",
    "deploy": "firebase deploy --only functions",
    "logs": "firebase functions:log"
  },
  "engines": {
    "node": "16"
  },
  "main": "index.js",
  "dependencies": {
    "firebase-admin": "^10.0.2",
    "firebase-functions": "^3.18.0"
  },
  "devDependencies": {
    "firebase-functions-test": "^0.2.0"
  },
  "private": true
}
[debug] [2022-07-22T22:20:23.585Z] Building nodejs source
[debug] [2022-07-22T22:20:23.585Z] Analyzing nodejs backend spec
[debug] [2022-07-22T22:20:23.587Z] Could not find functions.yaml. Must use http discovery
[debug] [2022-07-22T22:20:24.189Z] Serving at port 9005

[debug] [2022-07-22T22:20:24.371Z] Got response from /__/functions.yaml {"endpoints":{},"specVersion":"v1alpha1","requiredAPIs":[]}
[debug] [2022-07-22T22:20:24.382Z] shutdown requested via /__/quitquitquit

[info] 
┌─────────────────────────────────────────────────────────────┐
│ ✔  All emulators ready! It is now safe to connect your app. │
│ i  View Emulator UI at http://localhost:4000                │
└─────────────────────────────────────────────────────────────┘

┌────────────────┬──────────────────────────────────┬─────────────────────────────────┐
│ Emulator       │ Host:Port                        │ View in Emulator UI             │
├────────────────┼──────────────────────────────────┼─────────────────────────────────┤
│ Authentication │ localhost:9099                   │ http://localhost:4000/auth      │
├────────────────┼──────────────────────────────────┼─────────────────────────────────┤
│ Functions      │ localhost:5001                   │ http://localhost:4000/functions │
├────────────────┼──────────────────────────────────┼─────────────────────────────────┤
│ Firestore      │ localhost:8080                   │ http://localhost:4000/firestore │
├────────────────┼──────────────────────────────────┼─────────────────────────────────┤
│ Database       │ localhost:9000                   │ http://localhost:4000/database  │
├────────────────┼──────────────────────────────────┼─────────────────────────────────┤
│ Hosting        │ Failed to initialize (see above) │                                 │
├────────────────┼──────────────────────────────────┼─────────────────────────────────┤
│ Pub/Sub        │ localhost:8085                   │ n/a                             │
├────────────────┼──────────────────────────────────┼─────────────────────────────────┤
│ Storage        │ localhost:9199                   │ http://localhost:4000/storage   │
└────────────────┴──────────────────────────────────┴─────────────────────────────────┘
  Emulator Hub running at localhost:4400
  Other reserved ports: 4500

Issues? Report them at https://github.com/firebase/firebase-tools/issues and attach the *-debug.log files.
 
